<?xml version="1.0" encoding="UTF-8"?>
<!-- Generated by org.testng.reporters.JUnitXMLReporter -->
<testsuite ignored="0" hostname="DESKTOP-H699HBM" failures="0" tests="5" name="Test01" time="60.353" errors="0" timestamp="2022-04-10T15:32:05 IST">
  <testcase classname="testclass.Aspire" name="Login" time="9.062"/>
  <testcase classname="testclass.Aspire" name="NewProduct" time="14.799"/>
  <testcase classname="testclass.Aspire" name="UpdateQty" time="10.569"/>
  <testcase classname="testclass.Aspire" name="ManufacturingOrder" time="12.536"/>
  <testcase classname="testclass.Aspire" name="FinalDoneAndVAlidation" time="8.382"/>
</testsuite> <!-- Test01 -->
