<?xml version="1.0" encoding="UTF-8"?>
<!-- Generated by org.testng.reporters.JUnitXMLReporter -->
<testsuite ignored="0" hostname="DESKTOP-H699HBM" failures="0" tests="5" name="Default test" time="65.444" errors="0" timestamp="2022-04-10T15:27:24 IST">
  <testcase classname="testclass.Aspire" name="Login" time="10.105"/>
  <testcase classname="testclass.Aspire" name="NewProduct" time="17.47"/>
  <testcase classname="testclass.Aspire" name="UpdateQty" time="10.619"/>
  <testcase classname="testclass.Aspire" name="ManufacturingOrder" time="12.957"/>
  <testcase classname="testclass.Aspire" name="FinalDoneAndVAlidation" time="8.392"/>
</testsuite> <!-- Default test -->
