<?xml version="1.0" encoding="UTF-8"?>
<testng-results ignored="0" total="5" passed="5" failed="0" skipped="0">
  <reporter-output>
  </reporter-output>
  <suite started-at="2022-04-10T15:31:05 IST" name="Suite" finished-at="2022-04-10T15:32:05 IST" duration-ms="60353">
    <groups>
    </groups>
    <test started-at="2022-04-10T15:31:05 IST" name="Test01" finished-at="2022-04-10T15:32:05 IST" duration-ms="60353">
      <class name="testclass.Aspire">
        <test-method is-config="true" signature="launch()[pri:0, instance:testclass.Aspire@1a451d4d]" started-at="2022-04-10T15:31:05 IST" name="launch" finished-at="2022-04-10T15:31:10 IST" duration-ms="4915" status="PASS">
          <reporter-output>
          </reporter-output>
        </test-method> <!-- launch -->
        <test-method signature="Login()[pri:-5, instance:testclass.Aspire@1a451d4d]" started-at="2022-04-10T15:31:10 IST" name="Login" finished-at="2022-04-10T15:31:19 IST" duration-ms="9062" status="PASS">
          <reporter-output>
          </reporter-output>
        </test-method> <!-- Login -->
        <test-method signature="NewProduct()[pri:-4, instance:testclass.Aspire@1a451d4d]" started-at="2022-04-10T15:31:19 IST" name="NewProduct" finished-at="2022-04-10T15:31:34 IST" duration-ms="14799" status="PASS">
          <reporter-output>
          </reporter-output>
        </test-method> <!-- NewProduct -->
        <test-method signature="UpdateQty()[pri:-3, instance:testclass.Aspire@1a451d4d]" started-at="2022-04-10T15:31:34 IST" name="UpdateQty" finished-at="2022-04-10T15:31:44 IST" duration-ms="10569" status="PASS">
          <reporter-output>
          </reporter-output>
        </test-method> <!-- UpdateQty -->
        <test-method signature="ManufacturingOrder()[pri:-2, instance:testclass.Aspire@1a451d4d]" started-at="2022-04-10T15:31:44 IST" name="ManufacturingOrder" finished-at="2022-04-10T15:31:57 IST" duration-ms="12536" status="PASS">
          <reporter-output>
          </reporter-output>
        </test-method> <!-- ManufacturingOrder -->
        <test-method signature="FinalDoneAndVAlidation()[pri:-1, instance:testclass.Aspire@1a451d4d]" started-at="2022-04-10T15:31:57 IST" name="FinalDoneAndVAlidation" finished-at="2022-04-10T15:32:05 IST" duration-ms="8382" status="PASS">
          <reporter-output>
          </reporter-output>
        </test-method> <!-- FinalDoneAndVAlidation -->
        <test-method is-config="true" signature="CloseBrowser()[pri:0, instance:testclass.Aspire@1a451d4d]" started-at="2022-04-10T15:32:05 IST" name="CloseBrowser" finished-at="2022-04-10T15:32:05 IST" duration-ms="0" status="PASS">
          <reporter-output>
          </reporter-output>
        </test-method> <!-- CloseBrowser -->
      </class> <!-- testclass.Aspire -->
    </test> <!-- Test01 -->
  </suite> <!-- Suite -->
</testng-results>
